0 verbose cli /home/ubuntu/.nvm/versions/node/v18.4.0/bin/node /home/ubuntu/.nvm/versions/node/v18.4.0/bin/npm
1 info using npm@8.12.1
2 info using node@v18.4.0
3 timing npm:load:whichnode Completed in 0ms
4 timing config:load:defaults Completed in 2ms
5 timing config:load:file:/home/ubuntu/.nvm/versions/node/v18.4.0/lib/node_modules/npm/npmrc Completed in 1ms
6 timing config:load:builtin Completed in 1ms
7 timing config:load:cli Completed in 1ms
8 timing config:load:env Completed in 0ms
9 timing config:load:file:/home/ubuntu/task/.npmrc Completed in 0ms
10 timing config:load:project Completed in 13ms
11 timing config:load:file:/home/ubuntu/.npmrc Completed in 1ms
12 timing config:load:user Completed in 1ms
13 timing config:load:file:/home/ubuntu/.nvm/versions/node/v18.4.0/etc/npmrc Completed in 0ms
14 timing config:load:global Completed in 0ms
15 timing config:load:validate Completed in 0ms
16 timing config:load:credentials Completed in 1ms
17 timing config:load:setEnvs Completed in 1ms
18 timing config:load Completed in 22ms
19 timing npm:load:configload Completed in 22ms
20 timing npm:load:mkdirpcache Completed in 1ms
21 timing npm:load:mkdirplogs Completed in 1ms
22 verbose title npm init
23 verbose argv "init"
24 timing npm:load:setTitle Completed in 1ms
25 timing config:load:flatten Completed in 4ms
26 timing npm:load:display Completed in 6ms
27 verbose logfile logs-max:10 dir:/home/ubuntu/.npm/_logs
28 verbose logfile /home/ubuntu/.npm/_logs/2022-06-21T14_00_27_131Z-debug-0.log
29 timing npm:load:logFile Completed in 6ms
30 timing npm:load:timers Completed in 0ms
31 timing npm:load:configScope Completed in 0ms
32 timing npm:load Completed in 38ms
33 silly logfile done cleaning log files
34 http fetch GET 200 https://registry.npmjs.org/npm 172ms (cache miss)
35 silly package data {
35 silly package data   name: 'task',
35 silly package data   version: '1.0.0',
35 silly package data   description: '',
35 silly package data   main: 'app.js',
35 silly package data   scripts: { test: 'echo "Error: no test specified" && exit 1' },
35 silly package data   author: '',
35 silly package data   license: 'ISC'
35 silly package data }
36 info init written successfully
37 timing command:init Completed in 14368ms
38 notice
38 notice New [32mpatch[39m version of npm available! [31m8.12.1[39m -> [32m8.12.2[39m
38 notice Changelog: [36mhttps://github.com/npm/cli/releases/tag/v8.12.2[39m
38 notice Run [32mnpm install -g npm@8.12.2[39m to update!
38 notice
39 verbose exit 0
40 timing npm Completed in 14485ms
41 info ok
